
Mudanças iniciaram em 2019-04-29 15:44:25.752002.
Valor original: None.
Valor final: {'id': 12, 'nome': 'Ian'}.
Mudanças finalizaram em 2019-04-29 15:44:25.753553.

Mudanças iniciaram em 2019-04-29 15:44:28.328879.
Valor original: None.
Valor final: {'id': 120, 'nome': 'Jkan'}.
Mudanças finalizaram em 2019-04-29 15:44:28.329755.

Mudanças iniciaram em 2019-04-29 15:44:30.945726.
Valor original: None.
Valor final: {'id': 105, 'nome': 'Ramiro'}.
Mudanças finalizaram em 2019-04-29 15:44:30.946865.

Mudanças iniciaram em 2019-04-29 15:44:33.239570.
Valor original: None.
Valor final: {'id': 1, 'nome': 'Games'}.
Mudanças finalizaram em 2019-04-29 15:44:33.240777.

Mudanças iniciaram em 2019-04-29 15:44:36.237798.
Valor original: None.
Valor final: {'carga_horaria': 105, 'id': 12, 'id_coordenador': 105, 'nome': 'Ia', 'plano_ensino': 'DJSJSNDKADMSKM', 'status': 1}.
Mudanças finalizaram em 2019-04-29 15:44:36.238967.

Mudanças iniciaram em 2019-04-29 15:44:38.677730.
Valor original: None.
Valor final: {'ano': 2019, 'data': '23/01/2019', 'id': 12, 'id_curso': 1, 'id_disciplina': 12, 'id_professor': 120, 'nome': 'JAJA', 'semestre': 2, 'turma': '3C'}.
Mudanças finalizaram em 2019-04-29 15:44:38.678929.

Mudanças iniciaram em 2019-04-29 15:44:41.928320.
Valor original: None.
Valor final: {'dt_solicitacao': 12, 'id': 123, 'id_aluno': 12, 'id_coordenador': 105, 'id_disciplina_ofertada': 12, 'status': 1}.
Mudanças finalizaram em 2019-04-29 15:44:41.929295.

Mudanças iniciaram em 2019-04-29 15:44:58.532837.
Valor original: {'ano': 2019, 'data': '23/01/2019', 'id': 12, 'id_curso': 1, 'id_disciplina': 12, 'id_professor': 120, 'nome': 'JAJA', 'semestre': 2, 'turma': '3C'}.
Valor final: None.
Mudanças finalizaram em 2019-04-29 15:44:58.532954.

Mudanças iniciaram em 2019-04-29 15:45:00.834475.
Valor original: {'id': 105, 'nome': 'Ramiro'}.
Valor final: None.
Mudanças finalizaram em 2019-04-29 15:45:00.834713.

Mudanças iniciaram em 2019-04-29 15:47:55.000724.
Valor original: None.
Valor final: {'id': 105, 'nome': 'Ramiro'}.
Mudanças finalizaram em 2019-04-29 15:47:55.002387.

Mudanças iniciaram em 2019-04-29 15:48:32.453195.
Valor original: None.
Valor final: {'id': 105, 'nome': 'Ramiro'}.
Mudanças finalizaram em 2019-04-29 15:48:32.454774.

Mudanças iniciaram em 2019-04-29 15:48:37.134974.
Valor original: None.
Valor final: {'carga_horaria': 105, 'id': 12, 'id_coordenador': 105, 'nome': 'Ia', 'plano_ensino': 'DJSJSNDKADMSKM', 'status': 'ativa'}.
Mudanças finalizaram em 2019-04-29 15:48:37.135777.

Mudanças iniciaram em 2019-04-29 15:49:46.245022.
Valor original: None.
Valor final: {'id': 12, 'nome': 'Ian'}.
Mudanças finalizaram em 2019-04-29 15:49:46.246591.

Mudanças iniciaram em 2019-04-29 15:49:49.515459.
Valor original: None.
Valor final: {'id': 120, 'nome': 'Jkan'}.
Mudanças finalizaram em 2019-04-29 15:49:49.516192.

Mudanças iniciaram em 2019-04-29 15:49:51.784999.
Valor original: None.
Valor final: {'id': 105, 'nome': 'Ramiro'}.
Mudanças finalizaram em 2019-04-29 15:49:51.786400.

Mudanças iniciaram em 2019-04-29 15:49:54.479722.
Valor original: None.
Valor final: {'id': 1, 'nome': 'Games'}.
Mudanças finalizaram em 2019-04-29 15:49:54.480737.

Mudanças iniciaram em 2019-04-29 15:49:56.844196.
Valor original: None.
Valor final: {'carga_horaria': 105, 'id': 12, 'id_coordenador': 105, 'nome': 'Ia', 'plano_ensino': 'DJSJSNDKADMSKM', 'status': 'ativa'}.
Mudanças finalizaram em 2019-04-29 15:49:56.845309.

Mudanças iniciaram em 2019-04-29 15:49:58.895069.
Valor original: None.
Valor final: {'ano': 2019, 'data': '23/01/2019', 'id': 12, 'id_curso': 1, 'id_disciplina': 12, 'id_professor': 120, 'nome': 'JAJA', 'semestre': 2, 'turma': '3C'}.
Mudanças finalizaram em 2019-04-29 15:49:58.896225.

Mudanças iniciaram em 2019-04-29 15:50:01.253641.
Valor original: None.
Valor final: {'dt_solicitacao': 12, 'id': 123, 'id_aluno': 12, 'id_coordenador': 105, 'id_disciplina_ofertada': 12, 'status': 'solicitado'}.
Mudanças finalizaram em 2019-04-29 15:50:01.254867.

Mudanças iniciaram em 2019-04-29 15:50:13.864276.
Valor original: {'id': 105, 'nome': 'Ramiro'}.
Valor final: None.
Mudanças finalizaram em 2019-04-29 15:50:13.864493.

Mudanças iniciaram em 2019-04-29 15:53:51.328349.
Valor original: None.
Valor final: {'id': 12, 'nome': 'Ian'}.
Mudanças finalizaram em 2019-04-29 15:53:51.330022.

Mudanças iniciaram em 2019-04-29 15:53:53.804536.
Valor original: None.
Valor final: {'id': 120, 'nome': 'Jkan'}.
Mudanças finalizaram em 2019-04-29 15:53:53.805293.

Mudanças iniciaram em 2019-04-29 15:53:56.804827.
Valor original: None.
Valor final: {'id': 105, 'nome': 'Ramiro'}.
Mudanças finalizaram em 2019-04-29 15:53:56.806008.

Mudanças iniciaram em 2019-04-29 15:53:59.809153.
Valor original: None.
Valor final: {'id': 1, 'nome': 'Games'}.
Mudanças finalizaram em 2019-04-29 15:53:59.810361.

Mudanças iniciaram em 2019-04-29 15:54:02.871428.
Valor original: None.
Valor final: {'carga_horaria': 123, 'id': 12, 'id_coordenador': 105, 'nome': 'Ia', 'plano_ensino': 'DJSJSNDKADMSKM', 'status': 'ativa'}.
Mudanças finalizaram em 2019-04-29 15:54:02.872463.

Mudanças iniciaram em 2019-04-29 15:54:05.928449.
Valor original: None.
Valor final: {'ano': 2019, 'data': '23/01/2019', 'id': 12, 'id_curso': 1, 'id_disciplina': 12, 'id_professor': 120, 'nome': 'JAJA', 'semestre': 2, 'turma': '3C'}.
Mudanças finalizaram em 2019-04-29 15:54:05.929610.

Mudanças iniciaram em 2019-04-29 15:54:08.165080.
Valor original: None.
Valor final: {'dt_solicitacao': 12, 'id': 123, 'id_aluno': 12, 'id_coordenador': 105, 'id_disciplina_ofertada': 12, 'status': 'solicitado'}.
Mudanças finalizaram em 2019-04-29 15:54:08.166322.

Mudanças iniciaram em 2019-04-29 15:54:11.480208.
Valor original: {'id': 105, 'nome': 'Ramiro'}.
Valor final: {'id': 10, 'nome': 'Ramiro'}.
Mudanças finalizaram em 2019-04-29 15:54:11.480497.

Mudanças iniciaram em 2019-05-06 19:11:15.663365.
Valor original: None.
Valor final: {'id': 120, 'nome': 'Jkan'}.
Mudanças finalizaram em 2019-05-06 19:11:15.679216.

Mudanças iniciaram em 2019-05-06 19:37:49.955273.
Valor original: None.
Valor final: {'id': 123, 'nome': 'Ori'}.
Mudanças finalizaram em 2019-05-06 19:37:49.968439.

Mudanças iniciaram em 2019-05-06 19:46:16.032465.
Valor original: None.
Valor final: {'id': 123, 'nome': 'Ori'}.
Mudanças finalizaram em 2019-05-06 19:46:16.045623.

Mudanças iniciaram em 2019-05-06 20:13:36.489807.
Valor original: None.
Valor final: {'id': 112, 'nome': 'Orivi'}.
Mudanças finalizaram em 2019-05-06 20:13:36.503487.

Mudanças iniciaram em 2019-05-06 21:39:01.230310.
Valor original: None.
Valor final: {'id': 1234, 'nome': 'Odadkasi'}.
Mudanças finalizaram em 2019-05-06 21:39:01.248987.

Mudanças iniciaram em 2019-05-06 21:42:19.901786.
Valor original: None.
Valor final: {'id': 12, 'nome': 'Orion'}.
Mudanças finalizaram em 2019-05-06 21:42:19.915944.

Mudanças iniciaram em 2019-05-06 21:43:11.319082.
Valor original: None.
Valor final: {'id': 12, 'nome': 'Orion'}.
Mudanças finalizaram em 2019-05-06 21:43:11.334405.

Mudanças iniciaram em 2019-05-07 10:42:55.745844.
Valor original: None.
Valor final: {'id': 1234567, 'nome': 'Planagem'}.
Mudanças finalizaram em 2019-05-07 10:42:55.758759.

Mudanças iniciaram em 2019-05-07 10:49:18.125386.
Valor original: None.
Valor final: {'id': 1234567, 'nome': 'Planagem'}.
Mudanças finalizaram em 2019-05-07 10:49:18.141194.

Mudanças iniciaram em 2019-05-07 10:50:13.510802.
Valor original: None.
Valor final: {'id': 9, 'nome': 'Bruno'}.
Mudanças finalizaram em 2019-05-07 10:50:13.525313.

Mudanças iniciaram em 2019-05-07 10:50:45.741115.
Valor original: None.
Valor final: {'id': 901, 'nome': 'D.A.D'}.
Mudanças finalizaram em 2019-05-07 10:50:45.755874.

Mudanças iniciaram em 2019-05-07 11:17:13.981548.
Valor original: None.
Valor final: {'id': 210, 'nome': 'Ellen'}.
Mudanças finalizaram em 2019-05-07 11:17:13.995533.

Mudanças iniciaram em 2019-05-07 11:20:38.131555.
Valor original: None.
Valor final: {'carga_horaria': 90, 'id': 170, 'id_coordenador': 210, 'nome': 'Estrutura', 'plano_ensino': 'ndskjandkjsnkjdnksands', 'status': 'ativa'}.
Mudanças finalizaram em 2019-05-07 11:20:38.145789.

Mudanças iniciaram em 2019-05-07 11:34:11.659559.
Valor original: None.
Valor final: {'carga_horaria': 90, 'id': 170, 'id_coordenador': 210, 'nome': 'Estrutura', 'plano_ensino': 'ndskjandkjsnkjdnksands', 'status': 'ativa'}.
Mudanças finalizaram em 2019-05-07 11:34:11.674284.

Mudanças iniciaram em 2019-05-07 11:49:45.837507.
Valor original: None.
Valor final: {'id': 210, 'nome': 'Ellen'}.
Mudanças finalizaram em 2019-05-07 11:49:45.850779.

Mudanças iniciaram em 2019-05-07 11:49:56.383823.
Valor original: None.
Valor final: {'id': 210, 'nome': 'Ellen'}.
Mudanças finalizaram em 2019-05-07 11:49:56.397500.

Mudanças iniciaram em 2019-05-07 11:50:15.350226.
Valor original: None.
Valor final: {'id': 20, 'nome': 'Loqllen'}.
Mudanças finalizaram em 2019-05-07 11:50:15.363500.

Mudanças iniciaram em 2019-05-07 11:51:12.537883.
Valor original: None.
Valor final: {'id': 172, 'nome': 'Victor'}.
Mudanças finalizaram em 2019-05-07 11:51:12.551863.

Mudanças iniciaram em 2019-05-07 11:51:23.177148.
Valor original: None.
Valor final: {'carga_horaria': 90, 'id': 170, 'id_coordenador': 210, 'nome': 'Estrutura', 'plano_ensino': 'ndskjandkjsnkjdnksands', 'status': 'ativa'}.
Mudanças finalizaram em 2019-05-07 11:51:23.190563.

Mudanças iniciaram em 2019-05-07 12:00:33.347830.
Valor original: None.
Valor final: {'id': 172, 'nome': 'Orlandor'}.
Mudanças finalizaram em 2019-05-07 12:00:33.362348.

Mudanças iniciaram em 2019-05-07 12:00:47.011496.
Valor original: None.
Valor final: {'id': 17, 'nome': 'OMessiasr'}.
Mudanças finalizaram em 2019-05-07 12:00:47.025807.

Mudanças iniciaram em 2019-05-07 12:01:18.498287.
Valor original: None.
Valor final: {'id': 7, 'nome': 'Victor'}.
Mudanças finalizaram em 2019-05-07 12:01:18.512017.

Mudanças iniciaram em 2019-05-07 12:01:39.082550.
Valor original: None.
Valor final: {'id': 1, 'nome': 'Futebola'}.
Mudanças finalizaram em 2019-05-07 12:01:39.094757.

Mudanças iniciaram em 2019-05-07 12:02:07.513127.
Valor original: None.
Valor final: {'carga_horaria': 90, 'id': 170, 'id_coordenador': 172, 'nome': 'Estrutura', 'plano_ensino': 'ndskjandkjsnkjdnksands', 'status': 'ativa'}.
Mudanças finalizaram em 2019-05-07 12:02:07.527653.

Mudanças iniciaram em 2019-05-07 12:39:18.525203.
Valor original: None.
Valor final: {'id': 1, 'nome': 'Bruno'}.
Mudanças finalizaram em 2019-05-07 12:39:18.540595.

Mudanças iniciaram em 2019-05-07 12:39:45.758680.
Valor original: None.
Valor final: {'id': 18, 'nome': 'Victor'}.
Mudanças finalizaram em 2019-05-07 12:39:45.772137.

Mudanças iniciaram em 2019-05-07 12:40:03.578723.
Valor original: None.
Valor final: {'id': 19, 'nome': 'Ellen'}.
Mudanças finalizaram em 2019-05-07 12:40:03.593117.

Mudanças iniciaram em 2019-05-07 12:41:07.375797.
Valor original: None.
Valor final: {'id': 1234, 'nome': 'Medicina'}.
Mudanças finalizaram em 2019-05-07 12:41:07.389951.

Mudanças iniciaram em 2019-05-07 12:41:33.664298.
Valor original: None.
Valor final: {'carga_horaria': 90, 'id': 170, 'id_coordenador': 19, 'nome': 'Estrutura', 'plano_ensino': 'ndskjandkjsnkjdnksands', 'status': 'ativa'}.
Mudanças finalizaram em 2019-05-07 12:41:33.679302.

Mudanças iniciaram em 2019-05-07 12:53:04.954418.
Valor original: None.
Valor final: {'ano': 2018, 'data': '21/01/2017', 'id': 1098, 'id_curso': 1234, 'id_disciplina': 170, 'id_professor': 18, 'nome': 'Ext', 'semestre': 3, 'turma': '3C'}.
Mudanças finalizaram em 2019-05-07 12:53:04.957231.

Mudanças iniciaram em 2019-05-07 13:38:34.126103.
Valor original: None.
Valor final: {'dt_solicitacao': '21/12/2019', 'id': 109, 'id_aluno': 1, 'id_coordenador': 19, 'id_disciplina_ofertada': 1098, 'status': 'matriculado'}.
Mudanças finalizaram em 2019-05-07 13:38:34.128435.

Mudanças iniciaram em 2019-05-07 13:39:19.858495.
Valor original: None.
Valor final: {'dt_solicitacao': '21/12/2019', 'id': 109, 'id_aluno': 1, 'id_coordenador': 19, 'id_disciplina_ofertada': 1098, 'status': 'matriculado'}.
Mudanças finalizaram em 2019-05-07 13:39:19.860735.

Mudanças iniciaram em 2019-05-07 13:53:14.697735.
Valor original: None.
Valor final: {'ano': 2018, 'data': '21/01/2017', 'id': 1098, 'id_curso': 1234, 'id_disciplina': 170, 'id_professor': 18, 'semestre': 3, 'turma': '3C'}.
Mudanças finalizaram em 2019-05-07 13:53:14.699908.

Mudanças iniciaram em 2019-05-07 13:54:00.057811.
Valor original: None.
Valor final: {'id': 1, 'nome': 'Bruno'}.
Mudanças finalizaram em 2019-05-07 13:54:00.072754.

Mudanças iniciaram em 2019-05-07 13:54:10.428667.
Valor original: None.
Valor final: {'id': 18, 'nome': 'Victor'}.
Mudanças finalizaram em 2019-05-07 13:54:10.443461.

Mudanças iniciaram em 2019-05-07 13:54:19.295099.
Valor original: None.
Valor final: {'id': 19, 'nome': 'Ellen'}.
Mudanças finalizaram em 2019-05-07 13:54:19.307716.

Mudanças iniciaram em 2019-05-07 13:54:29.933744.
Valor original: None.
Valor final: {'id': 1234, 'nome': 'Medicina'}.
Mudanças finalizaram em 2019-05-07 13:54:29.948991.

Mudanças iniciaram em 2019-05-07 13:54:52.560202.
Valor original: None.
Valor final: {'carga_horaria': 90, 'id': 170, 'id_coordenador': 19, 'nome': 'Estrutura', 'plano_ensino': 'ndskjandkjsnkjdnksands', 'status': 'ativa'}.
Mudanças finalizaram em 2019-05-07 13:54:52.574716.

Mudanças iniciaram em 2019-05-07 13:56:37.736384.
Valor original: None.
Valor final: {'ano': 2018, 'data': '21/12/17', 'id': 1098, 'id_curso': 1234, 'id_disciplina': 170, 'id_professor': 18, 'semestre': 3, 'turma': '3V'}.
Mudanças finalizaram em 2019-05-07 13:56:37.738640.

Mudanças iniciaram em 2019-05-07 13:56:50.326022.
Valor original: None.
Valor final: {'dt_solicitacao': '21/12/2019', 'id': 109, 'id_aluno': 1, 'id_coordenador': 19, 'id_disciplina_ofertada': 1098, 'status': 'matriculado'}.
Mudanças finalizaram em 2019-05-07 13:56:50.327777.
